This file contains any messages produced by compilers while
running configure, to aid debugging if configure makes a mistake.

It was created by gslnls configure 1.3.2, which was
generated by GNU Autoconf 2.71.  Invocation command line was

  $ ./configure

## --------- ##
## Platform. ##
## --------- ##

hostname = lonovong
uname -m = x86_64
uname -r = 6.1.0-13-amd64
uname -s = Linux
uname -v = #1 SMP PREEMPT_DYNAMIC Debian 6.1.55-1 (2023-09-29)

/usr/bin/uname -p = unknown
/bin/uname -X     = unknown

/bin/arch              = x86_64
/usr/bin/arch -k       = unknown
/usr/convex/getsysinfo = unknown
/usr/bin/hostinfo      = unknown
/bin/machine           = unknown
/usr/bin/oslevel       = unknown
/bin/universe          = unknown

PATH: /usr/bin/
PATH: /usr/bin/
PATH: /usr/bin/
PATH: /usr/bin/
PATH: /usr/bin/
PATH: /usr/bin/
PATH: /usr/bin/
PATH: /usr/bin/
PATH: /usr/bin/
PATH: /usr/bin/
PATH: /usr/bin/
PATH: /usr/bin/
PATH: /usr/bin/
PATH: /usr/bin/
PATH: /usr/bin/
PATH: /usr/bin/
PATH: /usr/bin/
PATH: /usr/bin/
PATH: /usr/bin/
PATH: /home/gfwp/bin/
PATH: /usr/local/bin/
PATH: /usr/bin/
PATH: /bin/
PATH: /usr/local/games/
PATH: /usr/games/
PATH: /usr/lib/rstudio/resources/app/bin/quarto/bin/
PATH: /usr/lib/rstudio/resources/app/bin/postback/
PATH: /usr/lib/rstudio/resources/app/bin/postback/
PATH: /usr/lib/rstudio/resources/app/bin/postback/
PATH: /usr/lib/rstudio/resources/app/bin/postback/
PATH: /usr/lib/rstudio/resources/app/bin/postback/
PATH: /usr/lib/rstudio/resources/app/bin/postback/
PATH: /usr/lib/rstudio/resources/app/bin/postback/
PATH: /usr/lib/rstudio/resources/app/bin/postback/
PATH: /usr/lib/rstudio/resources/app/bin/postback/
PATH: /usr/lib/rstudio/resources/app/bin/postback/
PATH: /usr/lib/rstudio/resources/app/bin/postback/
PATH: /usr/lib/rstudio/resources/app/bin/postback/
PATH: /usr/lib/rstudio/resources/app/bin/postback/
PATH: /usr/lib/rstudio/resources/app/bin/postback/
PATH: /usr/lib/rstudio/resources/app/bin/postback/
PATH: /usr/lib/rstudio/resources/app/bin/postback/
PATH: /usr/lib/rstudio/resources/app/bin/postback/
PATH: /usr/lib/rstudio/resources/app/bin/postback/
PATH: /usr/lib/rstudio/resources/app/bin/postback/


## ----------- ##
## Core tests. ##
## ----------- ##

configure:2253: checking for gcc
configure:2285: result: gcc
configure:2638: checking for C compiler version
configure:2647: gcc --version >&5
gcc (Debian 12.2.0-14) 12.2.0
Copyright (C) 2022 Free Software Foundation, Inc.
This is free software; see the source for copying conditions.  There is NO
warranty; not even for MERCHANTABILITY or FITNESS FOR A PARTICULAR PURPOSE.

configure:2658: $? = 0
configure:2647: gcc -v >&5
Using built-in specs.
COLLECT_GCC=gcc
COLLECT_LTO_WRAPPER=/usr/lib/gcc/x86_64-linux-gnu/12/lto-wrapper
OFFLOAD_TARGET_NAMES=nvptx-none:amdgcn-amdhsa
OFFLOAD_TARGET_DEFAULT=1
Target: x86_64-linux-gnu
Configured with: ../src/configure -v --with-pkgversion='Debian 12.2.0-14' --with-bugurl=file:///usr/share/doc/gcc-12/README.Bugs --enable-languages=c,ada,c++,go,d,fortran,objc,obj-c++,m2 --prefix=/usr --with-gcc-major-version-only --program-suffix=-12 --program-prefix=x86_64-linux-gnu- --enable-shared --enable-linker-build-id --libexecdir=/usr/lib --without-included-gettext --enable-threads=posix --libdir=/usr/lib --enable-nls --enable-clocale=gnu --enable-libstdcxx-debug --enable-libstdcxx-time=yes --with-default-libstdcxx-abi=new --enable-gnu-unique-object --disable-vtable-verify --enable-plugin --enable-default-pie --with-system-zlib --enable-libphobos-checking=release --with-target-system-zlib=auto --enable-objc-gc=auto --enable-multiarch --disable-werror --enable-cet --with-arch-32=i686 --with-abi=m64 --with-multilib-list=m32,m64,mx32 --enable-multilib --with-tune=generic --enable-offload-targets=nvptx-none=/build/gcc-12-bTRWOB/gcc-12-12.2.0/debian/tmp-nvptx/usr,amdgcn-amdhsa=/build/gcc-12-bTRWOB/gcc-12-12.2.0/debian/tmp-gcn/usr --enable-offload-defaulted --without-cuda-driver --enable-checking=release --build=x86_64-linux-gnu --host=x86_64-linux-gnu --target=x86_64-linux-gnu
Thread model: posix
Supported LTO compression algorithms: zlib zstd
gcc version 12.2.0 (Debian 12.2.0-14) 
... rest of stderr output deleted ...
configure:2658: $? = 0
configure:2647: gcc -V >&5
gcc: error: unrecognized command-line option '-V'
gcc: fatal error: no input files
compilation terminated.
configure:2658: $? = 1
configure:2647: gcc -qversion >&5
gcc: error: unrecognized command-line option '-qversion'; did you mean '--version'?
gcc: fatal error: no input files
compilation terminated.
configure:2658: $? = 1
configure:2647: gcc -version >&5
gcc: error: unrecognized command-line option '-version'
gcc: fatal error: no input files
compilation terminated.
configure:2658: $? = 1
configure:2678: checking whether the C compiler works
configure:2700: gcc -g -O2 -ffile-prefix-map=/build/r-base-wZDgjM/r-base-4.2.2.20221110=. -fstack-protector-strong -Wformat -Werror=format-security -Wdate-time -D_FORTIFY_SOURCE=2  -Wl,-z,relro conftest.c  >&5
configure:2704: $? = 0
configure:2754: result: yes
configure:2757: checking for C compiler default output file name
configure:2759: result: a.out
configure:2765: checking for suffix of executables
configure:2772: gcc -o conftest -g -O2 -ffile-prefix-map=/build/r-base-wZDgjM/r-base-4.2.2.20221110=. -fstack-protector-strong -Wformat -Werror=format-security -Wdate-time -D_FORTIFY_SOURCE=2  -Wl,-z,relro conftest.c  >&5
configure:2776: $? = 0
configure:2799: result: 
configure:2821: checking whether we are cross compiling
configure:2829: gcc -o conftest -g -O2 -ffile-prefix-map=/build/r-base-wZDgjM/r-base-4.2.2.20221110=. -fstack-protector-strong -Wformat -Werror=format-security -Wdate-time -D_FORTIFY_SOURCE=2  -Wl,-z,relro conftest.c  >&5
configure:2833: $? = 0
configure:2840: ./conftest
configure:2844: $? = 0
configure:2859: result: no
configure:2864: checking for suffix of object files
configure:2887: gcc -c -g -O2 -ffile-prefix-map=/build/r-base-wZDgjM/r-base-4.2.2.20221110=. -fstack-protector-strong -Wformat -Werror=format-security -Wdate-time -D_FORTIFY_SOURCE=2  conftest.c >&5
configure:2891: $? = 0
configure:2913: result: o
configure:2917: checking whether the compiler supports GNU C
configure:2937: gcc -c -g -O2 -ffile-prefix-map=/build/r-base-wZDgjM/r-base-4.2.2.20221110=. -fstack-protector-strong -Wformat -Werror=format-security -Wdate-time -D_FORTIFY_SOURCE=2  conftest.c >&5
configure:2937: $? = 0
configure:2947: result: yes
configure:2958: checking whether gcc accepts -g
configure:2979: gcc -c -g  conftest.c >&5
configure:2979: $? = 0
configure:3023: result: yes
configure:3043: checking for gcc option to enable C11 features
configure:3058: gcc  -c -g -O2 -ffile-prefix-map=/build/r-base-wZDgjM/r-base-4.2.2.20221110=. -fstack-protector-strong -Wformat -Werror=format-security -Wdate-time -D_FORTIFY_SOURCE=2  conftest.c >&5
configure:3058: $? = 0
configure:3076: result: none needed
configure:3305: checking for Fortran compiler version
configure:3314: gfortran --version >&5
GNU Fortran (Debian 12.2.0-14) 12.2.0
Copyright (C) 2022 Free Software Foundation, Inc.
This is free software; see the source for copying conditions.  There is NO
warranty; not even for MERCHANTABILITY or FITNESS FOR A PARTICULAR PURPOSE.

configure:3325: $? = 0
configure:3314: gfortran -v >&5
Using built-in specs.
COLLECT_GCC=gfortran
COLLECT_LTO_WRAPPER=/usr/lib/gcc/x86_64-linux-gnu/12/lto-wrapper
OFFLOAD_TARGET_NAMES=nvptx-none:amdgcn-amdhsa
OFFLOAD_TARGET_DEFAULT=1
Target: x86_64-linux-gnu
Configured with: ../src/configure -v --with-pkgversion='Debian 12.2.0-14' --with-bugurl=file:///usr/share/doc/gcc-12/README.Bugs --enable-languages=c,ada,c++,go,d,fortran,objc,obj-c++,m2 --prefix=/usr --with-gcc-major-version-only --program-suffix=-12 --program-prefix=x86_64-linux-gnu- --enable-shared --enable-linker-build-id --libexecdir=/usr/lib --without-included-gettext --enable-threads=posix --libdir=/usr/lib --enable-nls --enable-clocale=gnu --enable-libstdcxx-debug --enable-libstdcxx-time=yes --with-default-libstdcxx-abi=new --enable-gnu-unique-object --disable-vtable-verify --enable-plugin --enable-default-pie --with-system-zlib --enable-libphobos-checking=release --with-target-system-zlib=auto --enable-objc-gc=auto --enable-multiarch --disable-werror --enable-cet --with-arch-32=i686 --with-abi=m64 --with-multilib-list=m32,m64,mx32 --enable-multilib --with-tune=generic --enable-offload-targets=nvptx-none=/build/gcc-12-bTRWOB/gcc-12-12.2.0/debian/tmp-nvptx/usr,amdgcn-amdhsa=/build/gcc-12-bTRWOB/gcc-12-12.2.0/debian/tmp-gcn/usr --enable-offload-defaulted --without-cuda-driver --enable-checking=release --build=x86_64-linux-gnu --host=x86_64-linux-gnu --target=x86_64-linux-gnu
Thread model: posix
Supported LTO compression algorithms: zlib zstd
gcc version 12.2.0 (Debian 12.2.0-14) 
... rest of stderr output deleted ...
configure:3325: $? = 0
configure:3314: gfortran -V >&5
gfortran: error: unrecognized command-line option '-V'
gfortran: fatal error: no input files
compilation terminated.
configure:3325: $? = 1
configure:3314: gfortran -qversion >&5
gfortran: error: unrecognized command-line option '-qversion'; did you mean '--version'?
gfortran: fatal error: no input files
compilation terminated.
configure:3325: $? = 1
configure:3334: checking whether the compiler supports GNU Fortran
configure:3348: gfortran -c   conftest.F >&5
configure:3348: $? = 0
configure:3358: result: yes
configure:3366: checking whether gfortran accepts -g
configure:3378: gfortran -c -g  conftest.f >&5
configure:3378: $? = 0
configure:3387: result: yes
configure:3419: checking for gsl-config
configure:3442: found /usr/bin/gsl-config
configure:3454: result: /usr/bin/gsl-config
configure:3482: checking if GSL version >= 2.2
configure:3510: gcc -o conftest -g -O2 -ffile-prefix-map=/build/r-base-wZDgjM/r-base-4.2.2.20221110=. -fstack-protector-strong -Wformat -Werror=format-security -Wdate-time -D_FORTIFY_SOURCE=2 -I/usr/include  -Wl,-z,relro conftest.c  >&5
configure:3510: $? = 0
configure:3510: ./conftest
configure:3510: $? = 0
configure:3523: result: yes
configure:3673: creating ./config.status

## ---------------------- ##
## Running config.status. ##
## ---------------------- ##

This file was extended by gslnls config.status 1.3.2, which was
generated by GNU Autoconf 2.71.  Invocation command line was

  CONFIG_FILES    = 
  CONFIG_HEADERS  = 
  CONFIG_LINKS    = 
  CONFIG_COMMANDS = 
  $ ./config.status 

on lonovong

config.status:720: creating src/Makevars

## ---------------- ##
## Cache variables. ##
## ---------------- ##

ac_cv_c_compiler_gnu=yes
ac_cv_env_CC_set=
ac_cv_env_CC_value=
ac_cv_env_CFLAGS_set=
ac_cv_env_CFLAGS_value=
ac_cv_env_CPPFLAGS_set=
ac_cv_env_CPPFLAGS_value=
ac_cv_env_FCFLAGS_set=
ac_cv_env_FCFLAGS_value=
ac_cv_env_FC_set=
ac_cv_env_FC_value=
ac_cv_env_LDFLAGS_set=
ac_cv_env_LDFLAGS_value=
ac_cv_env_LIBS_set=
ac_cv_env_LIBS_value=
ac_cv_env_build_alias_set=
ac_cv_env_build_alias_value=
ac_cv_env_host_alias_set=
ac_cv_env_host_alias_value=
ac_cv_env_target_alias_set=
ac_cv_env_target_alias_value=
ac_cv_fc_compiler_gnu=yes
ac_cv_objext=o
ac_cv_path_GSL_CONFIG=/usr/bin/gsl-config
ac_cv_prog_ac_ct_CC=gcc
ac_cv_prog_cc_c11=
ac_cv_prog_cc_g=yes
ac_cv_prog_cc_stdc=
ac_cv_prog_fc_g=yes

## ----------------- ##
## Output variables. ##
## ----------------- ##

CC='gcc'
CFLAGS='-g -O2 -ffile-prefix-map=/build/r-base-wZDgjM/r-base-4.2.2.20221110=. -fstack-protector-strong -Wformat -Werror=format-security -Wdate-time -D_FORTIFY_SOURCE=2 -I/usr/include'
CPPFLAGS=''
DEFS='-DPACKAGE_NAME=\"gslnls\" -DPACKAGE_TARNAME=\"gslnls\" -DPACKAGE_VERSION=\"1.3.2\" -DPACKAGE_STRING=\"gslnls\ 1.3.2\" -DPACKAGE_BUGREPORT=\"https://github.com/JorisChau/gslnls/issues/\" -DPACKAGE_URL=\"\"'
ECHO_C=''
ECHO_N='-n'
ECHO_T=''
EXEEXT=''
FC='gfortran'
FCFLAGS='-g -O2'
GSL_CFLAGS='-I/usr/include'
GSL_CONFIG='/usr/bin/gsl-config'
GSL_LIBS='-L/usr/lib/x86_64-linux-gnu -lgsl -lgslcblas -lm'
LDFLAGS='-Wl,-z,relro'
LIBOBJS=''
LIBS=''
LTLIBOBJS=''
OBJEXT='o'
PACKAGE_BUGREPORT='https://github.com/JorisChau/gslnls/issues/'
PACKAGE_NAME='gslnls'
PACKAGE_STRING='gslnls 1.3.2'
PACKAGE_TARNAME='gslnls'
PACKAGE_URL=''
PACKAGE_VERSION='1.3.2'
PATH_SEPARATOR=':'
SHELL='/bin/bash'
ac_ct_CC='gcc'
ac_ct_FC=''
bindir='${exec_prefix}/bin'
build_alias=''
datadir='${datarootdir}'
datarootdir='${prefix}/share'
docdir='${datarootdir}/doc/${PACKAGE_TARNAME}'
dvidir='${docdir}'
exec_prefix='${prefix}'
host_alias=''
htmldir='${docdir}'
includedir='${prefix}/include'
infodir='${datarootdir}/info'
libdir='${exec_prefix}/lib'
libexecdir='${exec_prefix}/libexec'
localedir='${datarootdir}/locale'
localstatedir='${prefix}/var'
mandir='${datarootdir}/man'
oldincludedir='/usr/include'
pdfdir='${docdir}'
prefix='/usr/local'
program_transform_name='s,x,x,'
psdir='${docdir}'
runstatedir='${localstatedir}/run'
sbindir='${exec_prefix}/sbin'
sharedstatedir='${prefix}/com'
sysconfdir='${prefix}/etc'
target_alias=''

## ----------- ##
## confdefs.h. ##
## ----------- ##

/* confdefs.h */
#define PACKAGE_NAME "gslnls"
#define PACKAGE_TARNAME "gslnls"
#define PACKAGE_VERSION "1.3.2"
#define PACKAGE_STRING "gslnls 1.3.2"
#define PACKAGE_BUGREPORT "https://github.com/JorisChau/gslnls/issues/"
#define PACKAGE_URL ""

configure: exit 0
